<?xml version="1.0" encoding="UTF-8"?>
<!-- Generated by org.testng.reporters.JUnitReportReporter -->
<testsuite hostname="DESKTOP-36HRAIA" failures="0" tests="2" name="tests.ForumTest" time="19.077" errors="0" timestamp="2021-03-12T12:51:28 IST" skipped="0">
  <testcase classname="tests.ForumTest" name="CreateNewTopic" time="12.890"/>
  <system-out/>
  <testcase classname="tests.ForumTest" name="checkTopicIsOnTheList" time="6.187"/>
  <system-out/>
</testsuite> <!-- tests.ForumTest -->
