<?xml version="1.0" encoding="UTF-8"?>
<!-- Generated by org.testng.reporters.JUnitReportReporter -->
<testsuite hostname="DESKTOP-36HRAIA" failures="0" tests="2" name="tests.ForumTest" time="17.985" errors="0" timestamp="2021-03-24T16:25:01 IST" skipped="0">
  <testcase classname="tests.ForumTest" name="checkTopicIsOnTheList" time="6.024"/>
  <system-out/>
  <testcase classname="tests.ForumTest" name="CreateNewTopic" time="11.961"/>
  <system-out/>
</testsuite> <!-- tests.ForumTest -->
