<?xml version="1.0" encoding="UTF-8"?>
<!-- Generated by org.testng.reporters.JUnitReportReporter -->
<testsuite skipped="0" hostname="DESKTOP-36HRAIA" name="tests.ForumTest" tests="2" failures="0" timestamp="2021-03-24T17:50:40 IST" time="18.582" errors="0">
  <testcase name="CreateNewTopic" time="12.590" classname="tests.ForumTest"/>
  <system-out/>
  <testcase name="checkTopicIsOnTheList" time="5.992" classname="tests.ForumTest"/>
  <system-out/>
</testsuite> <!-- tests.ForumTest -->
